<?xml version="1.0" encoding="UTF-8"?>
<testsuites>
  <testsuite name="acceptance (firefox)" tests="1" assertions="0" failures="0" errors="1" time="1.413328">
    <testcase file="C:\Dev\projects\real_repos\paymentSDK-php\tests\acceptance\purchase_check.feature" name="check_credit_card_functionality: try purchase_check" feature="try purchase_check" assertions="0" time="1.413328">
      <error type="Facebook\WebDriver\Exception\NoSuchFrameException">check_credit_card_functionality: try purchase_check&#13;
Facebook\WebDriver\Exception\NoSuchFrameException: frame id has unexpected type
Build info: version: '3.11.0', revision: 'e59cfb3', time: '2018-03-11T20:33:15.31Z'
System info: host: '185-44-131-37', ip: '185.44.131.37', os.name: 'windows', os.arch: 'x86', os.version: '6.1', java.version: '1.8.0_171'
Driver info: driver.version: unknown
&#13;
C:\Dev\projects\real_repos\paymentSDK-php\vendor\facebook\webdriver\lib\Exception\WebDriverException.php:104
C:\Dev\projects\real_repos\paymentSDK-php\vendor\facebook\webdriver\lib\Remote\HttpCommandExecutor.php:326
C:\Dev\projects\real_repos\paymentSDK-php\vendor\facebook\webdriver\lib\Remote\RemoteWebDriver.php:547
C:\Dev\projects\real_repos\paymentSDK-php\vendor\facebook\webdriver\lib\Remote\RemoteExecuteMethod.php:40
C:\Dev\projects\real_repos\paymentSDK-php\vendor\facebook\webdriver\lib\Remote\RemoteTargetLocator.php:73
C:\Dev\projects\real_repos\paymentSDK-php\vendor\codeception\codeception\src\Codeception\Module\WebDriver.php:2487
C:\Dev\projects\real_repos\paymentSDK-php\vendor\codeception\codeception\src\Codeception\Step.php:264
C:\Dev\projects\real_repos\paymentSDK-php\vendor\codeception\codeception\src\Codeception\Scenario.php:72
C:\Dev\projects\real_repos\paymentSDK-php\tests\_support\_generated\AcceptanceTesterActions.php:2546
C:\Dev\projects\real_repos\paymentSDK-php\tests\_support\AcceptanceTester.php:55
C:\Dev\projects\real_repos\paymentSDK-php\vendor\codeception\codeception\src\Codeception\Test\Gherkin.php:142
C:\Dev\projects\real_repos\paymentSDK-php\vendor\codeception\codeception\src\Codeception\Test\Gherkin.php:83
C:\Dev\projects\real_repos\paymentSDK-php\vendor\codeception\codeception\src\Codeception\Test\Test.php:89
C:\Dev\projects\real_repos\paymentSDK-php\vendor\codeception\phpunit-wrapper\src\Runner.php:109
C:\Dev\projects\real_repos\paymentSDK-php\vendor\codeception\codeception\src\Codeception\SuiteManager.php:157
C:\Dev\projects\real_repos\paymentSDK-php\vendor\codeception\codeception\src\Codeception\Codecept.php:191
C:\Dev\projects\real_repos\paymentSDK-php\vendor\codeception\codeception\src\Codeception\Codecept.php:180
C:\Dev\projects\real_repos\paymentSDK-php\vendor\codeception\codeception\src\Codeception\Command\Run.php:492
C:\Dev\projects\real_repos\paymentSDK-php\vendor\codeception\codeception\src\Codeception\Command\Run.php:387
C:\Dev\projects\real_repos\paymentSDK-php\vendor\symfony\console\Command\Command.php:255
C:\Dev\projects\real_repos\paymentSDK-php\vendor\symfony\console\Application.php:946
C:\Dev\projects\real_repos\paymentSDK-php\vendor\symfony\console\Application.php:248
C:\Dev\projects\real_repos\paymentSDK-php\vendor\symfony\console\Application.php:148
C:\Dev\projects\real_repos\paymentSDK-php\vendor\codeception\codeception\src\Codeception\Application.php:108
</error>
    </testcase>
  </testsuite>
</testsuites>
